<?xml version="1.0" encoding="UTF-8"?>
<checkstyle version="8.10.1">
<file name="C:\Users\Dell 1\Downloads\Compressed\optaweb-employee-rostering-master\optaweb-employee-rostering-master\optaweb-employee-rostering-backend\src\main\java\org\optaweb\employeerostering\domain\shift\Shift1.java">
<error line="1" severity="error" message="Line does not match expected header line of &apos;^\/\*$&apos;." source="com.puppycrawl.tools.checkstyle.checks.header.RegexpHeaderCheck"/>
<error line="3" severity="error" message="Using the &apos;.*&apos; form of import should be avoided - javax.persistence.*." source="com.puppycrawl.tools.checkstyle.checks.imports.AvoidStarImportCheck"/>
<error line="5" severity="error" message="Import statement for &apos;java.util.Date&apos; is in the wrong order. Should be in the &apos;STANDARD_JAVA_PACKAGE&apos; group, expecting group &apos;THIRD_PARTY_PACKAGE&apos; on this line." source="com.puppycrawl.tools.checkstyle.checks.imports.CustomImportOrderCheck"/>
<error line="6" severity="error" message="&apos;com.fasterxml.jackson.annotation.JsonFormat&apos; should be separated from previous import group by one line." source="com.puppycrawl.tools.checkstyle.checks.imports.CustomImportOrderCheck"/>
<error line="10" column="1" severity="error" message="Line contains a tab character." source="com.puppycrawl.tools.checkstyle.checks.whitespace.FileTabCharacterCheck"/>
<error line="11" column="1" severity="error" message="Line contains a tab character." source="com.puppycrawl.tools.checkstyle.checks.whitespace.FileTabCharacterCheck"/>
<error line="12" column="1" severity="error" message="Line contains a tab character." source="com.puppycrawl.tools.checkstyle.checks.whitespace.FileTabCharacterCheck"/>
<error line="13" column="1" severity="error" message="Line contains a tab character." source="com.puppycrawl.tools.checkstyle.checks.whitespace.FileTabCharacterCheck"/>
<error line="25" column="1" severity="error" message="Line contains a tab character." source="com.puppycrawl.tools.checkstyle.checks.whitespace.FileTabCharacterCheck"/>
<error line="27" column="1" severity="error" message="Line contains a tab character." source="com.puppycrawl.tools.checkstyle.checks.whitespace.FileTabCharacterCheck"/>
<error line="28" column="1" severity="error" message="Line contains a tab character." source="com.puppycrawl.tools.checkstyle.checks.whitespace.FileTabCharacterCheck"/>
<error line="29" column="1" severity="error" message="Line contains a tab character." source="com.puppycrawl.tools.checkstyle.checks.whitespace.FileTabCharacterCheck"/>
<error line="30" column="1" severity="error" message="Line contains a tab character." source="com.puppycrawl.tools.checkstyle.checks.whitespace.FileTabCharacterCheck"/>
<error line="31" column="1" severity="error" message="Line contains a tab character." source="com.puppycrawl.tools.checkstyle.checks.whitespace.FileTabCharacterCheck"/>
<error line="32" column="1" severity="error" message="Line contains a tab character." source="com.puppycrawl.tools.checkstyle.checks.whitespace.FileTabCharacterCheck"/>
<error line="33" column="1" severity="error" message="Line contains a tab character." source="com.puppycrawl.tools.checkstyle.checks.whitespace.FileTabCharacterCheck"/>
<error line="34" column="1" severity="error" message="Line contains a tab character." source="com.puppycrawl.tools.checkstyle.checks.whitespace.FileTabCharacterCheck"/>
<error line="36" column="1" severity="error" message="Line contains a tab character." source="com.puppycrawl.tools.checkstyle.checks.whitespace.FileTabCharacterCheck"/>
<error line="37" column="1" severity="error" message="Line contains a tab character." source="com.puppycrawl.tools.checkstyle.checks.whitespace.FileTabCharacterCheck"/>
<error line="38" column="1" severity="error" message="Line contains a tab character." source="com.puppycrawl.tools.checkstyle.checks.whitespace.FileTabCharacterCheck"/>
<error line="40" column="1" severity="error" message="Line contains a tab character." source="com.puppycrawl.tools.checkstyle.checks.whitespace.FileTabCharacterCheck"/>
<error line="41" column="1" severity="error" message="Line contains a tab character." source="com.puppycrawl.tools.checkstyle.checks.whitespace.FileTabCharacterCheck"/>
<error line="42" column="1" severity="error" message="Line contains a tab character." source="com.puppycrawl.tools.checkstyle.checks.whitespace.FileTabCharacterCheck"/>
<error line="44" column="1" severity="error" message="Line contains a tab character." source="com.puppycrawl.tools.checkstyle.checks.whitespace.FileTabCharacterCheck"/>
<error line="60" column="1" severity="error" message="Line contains a tab character." source="com.puppycrawl.tools.checkstyle.checks.whitespace.FileTabCharacterCheck"/>
<error line="61" column="1" severity="error" message="Line contains a tab character." source="com.puppycrawl.tools.checkstyle.checks.whitespace.FileTabCharacterCheck"/>
<error line="62" column="1" severity="error" message="Line contains a tab character." source="com.puppycrawl.tools.checkstyle.checks.whitespace.FileTabCharacterCheck"/>
<error line="64" column="1" severity="error" message="Line contains a tab character." source="com.puppycrawl.tools.checkstyle.checks.whitespace.FileTabCharacterCheck"/>
<error line="65" column="1" severity="error" message="Line contains a tab character." source="com.puppycrawl.tools.checkstyle.checks.whitespace.FileTabCharacterCheck"/>
<error line="66" column="1" severity="error" message="Line contains a tab character." source="com.puppycrawl.tools.checkstyle.checks.whitespace.FileTabCharacterCheck"/>
<error line="68" column="1" severity="error" message="Line contains a tab character." source="com.puppycrawl.tools.checkstyle.checks.whitespace.FileTabCharacterCheck"/>
<error line="69" column="1" severity="error" message="Line contains a tab character." source="com.puppycrawl.tools.checkstyle.checks.whitespace.FileTabCharacterCheck"/>
<error line="70" column="1" severity="error" message="Line contains a tab character." source="com.puppycrawl.tools.checkstyle.checks.whitespace.FileTabCharacterCheck"/>
<error line="72" column="1" severity="error" message="Line contains a tab character." source="com.puppycrawl.tools.checkstyle.checks.whitespace.FileTabCharacterCheck"/>
<error line="73" column="1" severity="error" message="Line contains a tab character." source="com.puppycrawl.tools.checkstyle.checks.whitespace.FileTabCharacterCheck"/>
<error line="74" column="1" severity="error" message="Line contains a tab character." source="com.puppycrawl.tools.checkstyle.checks.whitespace.FileTabCharacterCheck"/>
<error line="76" column="1" severity="error" message="Line contains a tab character." source="com.puppycrawl.tools.checkstyle.checks.whitespace.FileTabCharacterCheck"/>
<error line="77" column="1" severity="error" message="Line contains a tab character." source="com.puppycrawl.tools.checkstyle.checks.whitespace.FileTabCharacterCheck"/>
<error line="78" column="1" severity="error" message="Line contains a tab character." source="com.puppycrawl.tools.checkstyle.checks.whitespace.FileTabCharacterCheck"/>
<error line="80" column="1" severity="error" message="Line contains a tab character." source="com.puppycrawl.tools.checkstyle.checks.whitespace.FileTabCharacterCheck"/>
<error line="81" column="1" severity="error" message="Line contains a tab character." source="com.puppycrawl.tools.checkstyle.checks.whitespace.FileTabCharacterCheck"/>
<error line="82" column="1" severity="error" message="Line contains a tab character." source="com.puppycrawl.tools.checkstyle.checks.whitespace.FileTabCharacterCheck"/>
<error line="83" column="1" severity="error" message="Line contains a tab character." source="com.puppycrawl.tools.checkstyle.checks.whitespace.FileTabCharacterCheck"/>
<error line="84" column="1" severity="error" message="Line contains a tab character." source="com.puppycrawl.tools.checkstyle.checks.whitespace.FileTabCharacterCheck"/>
<error line="85" column="1" severity="error" message="Line contains a tab character." source="com.puppycrawl.tools.checkstyle.checks.whitespace.FileTabCharacterCheck"/>
<error line="86" column="1" severity="error" message="Line contains a tab character." source="com.puppycrawl.tools.checkstyle.checks.whitespace.FileTabCharacterCheck"/>
<error line="88" column="1" severity="error" message="Line contains a tab character." source="com.puppycrawl.tools.checkstyle.checks.whitespace.FileTabCharacterCheck"/>
<error line="89" column="1" severity="error" message="Line contains a tab character." source="com.puppycrawl.tools.checkstyle.checks.whitespace.FileTabCharacterCheck"/>
<error line="90" column="1" severity="error" message="Line contains a tab character." source="com.puppycrawl.tools.checkstyle.checks.whitespace.FileTabCharacterCheck"/>
<error line="92" column="1" severity="error" message="Line contains a tab character." source="com.puppycrawl.tools.checkstyle.checks.whitespace.FileTabCharacterCheck"/>
<error line="93" column="1" severity="error" message="Line contains a tab character." source="com.puppycrawl.tools.checkstyle.checks.whitespace.FileTabCharacterCheck"/>
<error line="94" column="1" severity="error" message="Line contains a tab character." source="com.puppycrawl.tools.checkstyle.checks.whitespace.FileTabCharacterCheck"/>
<error line="95" column="1" severity="error" message="Line contains a tab character." source="com.puppycrawl.tools.checkstyle.checks.whitespace.FileTabCharacterCheck"/>
<error line="96" column="1" severity="error" message="Line contains a tab character." source="com.puppycrawl.tools.checkstyle.checks.whitespace.FileTabCharacterCheck"/>
<error line="97" column="1" severity="error" message="Line contains a tab character." source="com.puppycrawl.tools.checkstyle.checks.whitespace.FileTabCharacterCheck"/>
<error line="98" column="1" severity="error" message="Line contains a tab character." source="com.puppycrawl.tools.checkstyle.checks.whitespace.FileTabCharacterCheck"/>
<error line="99" column="1" severity="error" message="Line contains a tab character." source="com.puppycrawl.tools.checkstyle.checks.whitespace.FileTabCharacterCheck"/>
<error line="100" column="1" severity="error" message="Line contains a tab character." source="com.puppycrawl.tools.checkstyle.checks.whitespace.FileTabCharacterCheck"/>
<error line="101" column="1" severity="error" message="Line contains a tab character." source="com.puppycrawl.tools.checkstyle.checks.whitespace.FileTabCharacterCheck"/>
<error line="102" column="1" severity="error" message="Line contains a tab character." source="com.puppycrawl.tools.checkstyle.checks.whitespace.FileTabCharacterCheck"/>
<error line="103" column="1" severity="error" message="Line contains a tab character." source="com.puppycrawl.tools.checkstyle.checks.whitespace.FileTabCharacterCheck"/>
</file>
<file name="C:\Users\Dell 1\Downloads\Compressed\optaweb-employee-rostering-master\optaweb-employee-rostering-master\optaweb-employee-rostering-backend\src\main\java\org\optaweb\employeerostering\service\shift\Shift1Controller.java">
<error line="1" severity="error" message="Line does not match expected header line of &apos;^\/\*$&apos;." source="com.puppycrawl.tools.checkstyle.checks.header.RegexpHeaderCheck"/>
<error line="9" severity="error" message="Import statement for &apos;java.util.Date&apos; is in the wrong order. Should be in the &apos;STANDARD_JAVA_PACKAGE&apos; group, expecting not assigned imports on this line." source="com.puppycrawl.tools.checkstyle.checks.imports.CustomImportOrderCheck"/>
<error line="10" severity="error" message="Wrong lexicographical order for &apos;org.optaweb.employeerostering.domain.shift.Shift1&apos; import. Should be before &apos;org.springframework.web.bind.annotation.RestController&apos;." source="com.puppycrawl.tools.checkstyle.checks.imports.CustomImportOrderCheck"/>
<error line="31" column="1" severity="error" message="Line contains a tab character." source="com.puppycrawl.tools.checkstyle.checks.whitespace.FileTabCharacterCheck"/>
<error line="32" column="1" severity="error" message="Line contains a tab character." source="com.puppycrawl.tools.checkstyle.checks.whitespace.FileTabCharacterCheck"/>
<error line="33" column="1" severity="error" message="Line contains a tab character." source="com.puppycrawl.tools.checkstyle.checks.whitespace.FileTabCharacterCheck"/>
<error line="34" column="1" severity="error" message="Line contains a tab character." source="com.puppycrawl.tools.checkstyle.checks.whitespace.FileTabCharacterCheck"/>
<error line="35" column="1" severity="error" message="Line contains a tab character." source="com.puppycrawl.tools.checkstyle.checks.whitespace.FileTabCharacterCheck"/>
<error line="36" column="1" severity="error" message="Line contains a tab character." source="com.puppycrawl.tools.checkstyle.checks.whitespace.FileTabCharacterCheck"/>
<error line="37" column="1" severity="error" message="Line contains a tab character." source="com.puppycrawl.tools.checkstyle.checks.whitespace.FileTabCharacterCheck"/>
<error line="38" column="1" severity="error" message="Line contains a tab character." source="com.puppycrawl.tools.checkstyle.checks.whitespace.FileTabCharacterCheck"/>
<error line="39" column="1" severity="error" message="Line contains a tab character." source="com.puppycrawl.tools.checkstyle.checks.whitespace.FileTabCharacterCheck"/>
<error line="40" column="1" severity="error" message="Line contains a tab character." source="com.puppycrawl.tools.checkstyle.checks.whitespace.FileTabCharacterCheck"/>
<error line="41" severity="error" message="Line is longer than 120 characters (found 158)." source="com.puppycrawl.tools.checkstyle.checks.sizes.LineLengthCheck"/>
<error line="41" column="1" severity="error" message="Line contains a tab character." source="com.puppycrawl.tools.checkstyle.checks.whitespace.FileTabCharacterCheck"/>
<error line="42" column="1" severity="error" message="Line contains a tab character." source="com.puppycrawl.tools.checkstyle.checks.whitespace.FileTabCharacterCheck"/>
<error line="45" column="1" severity="error" message="Line contains a tab character." source="com.puppycrawl.tools.checkstyle.checks.whitespace.FileTabCharacterCheck"/>
<error line="46" column="1" severity="error" message="Line contains a tab character." source="com.puppycrawl.tools.checkstyle.checks.whitespace.FileTabCharacterCheck"/>
<error line="47" column="1" severity="error" message="Line contains a tab character." source="com.puppycrawl.tools.checkstyle.checks.whitespace.FileTabCharacterCheck"/>
<error line="48" column="1" severity="error" message="Line contains a tab character." source="com.puppycrawl.tools.checkstyle.checks.whitespace.FileTabCharacterCheck"/>
<error line="49" column="1" severity="error" message="Line contains a tab character." source="com.puppycrawl.tools.checkstyle.checks.whitespace.FileTabCharacterCheck"/>
<error line="51" column="1" severity="error" message="Line contains a tab character." source="com.puppycrawl.tools.checkstyle.checks.whitespace.FileTabCharacterCheck"/>
<error line="53" column="1" severity="error" message="Line contains a tab character." source="com.puppycrawl.tools.checkstyle.checks.whitespace.FileTabCharacterCheck"/>
<error line="54" column="1" severity="error" message="Line contains a tab character." source="com.puppycrawl.tools.checkstyle.checks.whitespace.FileTabCharacterCheck"/>
<error line="56" column="1" severity="error" message="Line contains a tab character." source="com.puppycrawl.tools.checkstyle.checks.whitespace.FileTabCharacterCheck"/>
<error line="58" column="1" severity="error" message="Line contains a tab character." source="com.puppycrawl.tools.checkstyle.checks.whitespace.FileTabCharacterCheck"/>
<error line="59" column="1" severity="error" message="Line contains a tab character." source="com.puppycrawl.tools.checkstyle.checks.whitespace.FileTabCharacterCheck"/>
<error line="62" column="1" severity="error" message="Line contains a tab character." source="com.puppycrawl.tools.checkstyle.checks.whitespace.FileTabCharacterCheck"/>
<error line="63" column="1" severity="error" message="Line contains a tab character." source="com.puppycrawl.tools.checkstyle.checks.whitespace.FileTabCharacterCheck"/>
<error line="64" column="1" severity="error" message="Line contains a tab character." source="com.puppycrawl.tools.checkstyle.checks.whitespace.FileTabCharacterCheck"/>
<error line="65" column="1" severity="error" message="Line contains a tab character." source="com.puppycrawl.tools.checkstyle.checks.whitespace.FileTabCharacterCheck"/>
<error line="66" column="1" severity="error" message="Line contains a tab character." source="com.puppycrawl.tools.checkstyle.checks.whitespace.FileTabCharacterCheck"/>
<error line="67" column="1" severity="error" message="Line contains a tab character." source="com.puppycrawl.tools.checkstyle.checks.whitespace.FileTabCharacterCheck"/>
<error line="68" column="1" severity="error" message="Line contains a tab character." source="com.puppycrawl.tools.checkstyle.checks.whitespace.FileTabCharacterCheck"/>
<error line="69" column="1" severity="error" message="Line contains a tab character." source="com.puppycrawl.tools.checkstyle.checks.whitespace.FileTabCharacterCheck"/>
<error line="70" column="1" severity="error" message="Line contains a tab character." source="com.puppycrawl.tools.checkstyle.checks.whitespace.FileTabCharacterCheck"/>
<error line="71" column="1" severity="error" message="Line contains a tab character." source="com.puppycrawl.tools.checkstyle.checks.whitespace.FileTabCharacterCheck"/>
<error line="72" column="1" severity="error" message="Line contains a tab character." source="com.puppycrawl.tools.checkstyle.checks.whitespace.FileTabCharacterCheck"/>
<error line="73" column="1" severity="error" message="Line contains a tab character." source="com.puppycrawl.tools.checkstyle.checks.whitespace.FileTabCharacterCheck"/>
<error line="75" column="1" severity="error" message="Line contains a tab character." source="com.puppycrawl.tools.checkstyle.checks.whitespace.FileTabCharacterCheck"/>
<error line="76" column="1" severity="error" message="Line contains a tab character." source="com.puppycrawl.tools.checkstyle.checks.whitespace.FileTabCharacterCheck"/>
<error line="77" column="1" severity="error" message="Line contains a tab character." source="com.puppycrawl.tools.checkstyle.checks.whitespace.FileTabCharacterCheck"/>
<error line="78" column="1" severity="error" message="Line contains a tab character." source="com.puppycrawl.tools.checkstyle.checks.whitespace.FileTabCharacterCheck"/>
<error line="79" column="1" severity="error" message="Line contains a tab character." source="com.puppycrawl.tools.checkstyle.checks.whitespace.FileTabCharacterCheck"/>
<error line="80" column="1" severity="error" message="Line contains a tab character." source="com.puppycrawl.tools.checkstyle.checks.whitespace.FileTabCharacterCheck"/>
<error line="81" column="1" severity="error" message="Line contains a tab character." source="com.puppycrawl.tools.checkstyle.checks.whitespace.FileTabCharacterCheck"/>
<error line="83" column="1" severity="error" message="Line contains a tab character." source="com.puppycrawl.tools.checkstyle.checks.whitespace.FileTabCharacterCheck"/>
<error line="84" column="1" severity="error" message="Line contains a tab character." source="com.puppycrawl.tools.checkstyle.checks.whitespace.FileTabCharacterCheck"/>
</file>
<file name="C:\Users\Dell 1\Downloads\Compressed\optaweb-employee-rostering-master\optaweb-employee-rostering-master\optaweb-employee-rostering-backend\src\main\java\org\optaweb\employeerostering\service\shift\Shift1Repository.java">
<error line="1" severity="error" message="Missing a header - not enough lines in file." source="com.puppycrawl.tools.checkstyle.checks.header.RegexpHeaderCheck"/>
<error line="4" severity="error" message="Wrong lexicographical order for &apos;org.optaweb.employeerostering.domain.shift.Shift1&apos; import. Should be before &apos;org.springframework.data.repository.CrudRepository&apos;." source="com.puppycrawl.tools.checkstyle.checks.imports.CustomImportOrderCheck"/>
<error line="5" severity="error" message="Wrong lexicographical order for &apos;org.optaweb.employeerostering.service.shift.Shift1Repository&apos; import. Should be before &apos;org.springframework.data.repository.CrudRepository&apos;." source="com.puppycrawl.tools.checkstyle.checks.imports.CustomImportOrderCheck"/>
<error line="5" column="1" severity="error" message="Redundant import from the same package - org.optaweb.employeerostering.service.shift.Shift1Repository." source="com.puppycrawl.tools.checkstyle.checks.imports.RedundantImportCheck"/>
<error line="8" column="1" severity="error" message="Line contains a tab character." source="com.puppycrawl.tools.checkstyle.checks.whitespace.FileTabCharacterCheck"/>
</file>
<file name="C:\Users\Dell 1\Downloads\Compressed\optaweb-employee-rostering-master\optaweb-employee-rostering-master\optaweb-employee-rostering-backend\src\main\java\org\optaweb\employeerostering\service\shift\Shift1Service.java">
<error line="1" severity="error" message="Missing a header - not enough lines in file." source="com.puppycrawl.tools.checkstyle.checks.header.RegexpHeaderCheck"/>
</file>
</checkstyle>
